<?xml version="1.0" encoding="UTF-8"?>
<coverage generated="1613319459607" clover="3.2.0">
  <project timestamp="1613319459607" name="All files">
    <metrics statements="825" coveredstatements="705" conditionals="246" coveredconditionals="145" methods="242" coveredmethods="177" elements="1313" coveredelements="1027" complexity="0" loc="825" ncloc="825" packages="25" files="70" classes="70"/>
    <package name="app">
      <metrics statements="4" coveredstatements="4" conditionals="0" coveredconditionals="0" methods="0" coveredmethods="0"/>
      <file name="app.constants.ts" path="D:\1.PROGRAMMATION\JHIPSTER\kira\src\main\webapp\app\app.constants.ts">
        <metrics statements="4" coveredstatements="4" conditionals="0" coveredconditionals="0" methods="0" coveredmethods="0"/>
        <line num="5" count="28" type="stmt"/>
        <line num="6" count="28" type="stmt"/>
        <line num="7" count="28" type="stmt"/>
        <line num="8" count="28" type="stmt"/>
      </file>
    </package>
    <package name="app.account.activate">
      <metrics statements="20" coveredstatements="18" conditionals="0" coveredconditionals="0" methods="8" coveredmethods="6"/>
      <file name="activate.component.html" path="D:\1.PROGRAMMATION\JHIPSTER\kira\src\main\webapp\app\account\activate\activate.component.html">
        <metrics statements="1" coveredstatements="1" conditionals="0" coveredconditionals="0" methods="0" coveredmethods="0"/>
        <line num="1" count="1" type="stmt"/>
      </file>
      <file name="activate.component.ts" path="D:\1.PROGRAMMATION\JHIPSTER\kira\src\main\webapp\app\account\activate\activate.component.ts">
        <metrics statements="13" coveredstatements="12" conditionals="0" coveredconditionals="0" methods="6" coveredmethods="5"/>
        <line num="1" count="1" type="stmt"/>
        <line num="2" count="1" type="stmt"/>
        <line num="3" count="1" type="stmt"/>
        <line num="5" count="1" type="stmt"/>
        <line num="6" count="1" type="stmt"/>
        <line num="12" count="1" type="stmt"/>
        <line num="13" count="3" type="stmt"/>
        <line num="14" count="3" type="stmt"/>
        <line num="16" count="3" type="stmt"/>
        <line num="19" count="3" type="stmt"/>
        <line num="20" count="1" type="stmt"/>
        <line num="21" count="1" type="stmt"/>
        <line num="26" count="0" type="stmt"/>
      </file>
      <file name="activate.service.ts" path="D:\1.PROGRAMMATION\JHIPSTER\kira\src\main\webapp\app\account\activate\activate.service.ts">
        <metrics statements="6" coveredstatements="5" conditionals="0" coveredconditionals="0" methods="2" coveredmethods="1"/>
        <line num="1" count="1" type="stmt"/>
        <line num="2" count="1" type="stmt"/>
        <line num="5" count="1" type="stmt"/>
        <line num="8" count="1" type="stmt"/>
        <line num="9" count="3" type="stmt"/>
        <line num="12" count="0" type="stmt"/>
      </file>
    </package>
    <package name="app.account.password">
      <metrics statements="69" coveredstatements="57" conditionals="26" coveredconditionals="19" methods="12" coveredmethods="9"/>
      <file name="password-strength-bar.component.ts" path="D:\1.PROGRAMMATION\JHIPSTER\kira\src\main\webapp\app\account\password\password-strength-bar.component.ts">
        <metrics statements="42" coveredstatements="32" conditionals="24" coveredconditionals="17" methods="5" coveredmethods="4"/>
        <line num="1" count="1" type="stmt"/>
        <line num="17" count="1" type="stmt"/>
        <line num="18" count="3" type="stmt"/>
        <line num="20" count="3" type="stmt"/>
        <line num="23" count="10" type="stmt"/>
        <line num="24" count="10" type="stmt"/>
        <line num="25" count="10" type="stmt"/>
        <line num="26" count="10" type="stmt"/>
        <line num="27" count="10" type="stmt"/>
        <line num="28" count="10" type="stmt"/>
        <line num="30" count="10" type="stmt"/>
        <line num="31" count="10" type="stmt"/>
        <line num="32" count="40" type="stmt"/>
        <line num="35" count="10" type="cond" truecount="2" falsecount="0"/>
        <line num="36" count="10" type="stmt"/>
        <line num="39" count="10" type="cond" truecount="2" falsecount="0"/>
        <line num="42" count="10" type="cond" truecount="2" falsecount="0"/>
        <line num="43" count="10" type="cond" truecount="1" falsecount="1"/>
        <line num="44" count="10" type="cond" truecount="2" falsecount="0"/>
        <line num="46" count="10" type="stmt"/>
        <line num="50" count="7" type="stmt"/>
        <line num="51" count="7" type="cond" truecount="2" falsecount="0"/>
        <line num="52" count="3" type="stmt"/>
        <line num="53" count="4" type="cond" truecount="2" falsecount="0"/>
        <line num="54" count="1" type="stmt"/>
        <line num="55" count="3" type="cond" truecount="2" falsecount="0"/>
        <line num="56" count="1" type="stmt"/>
        <line num="57" count="2" type="cond" truecount="2" falsecount="0"/>
        <line num="58" count="1" type="stmt"/>
        <line num="60" count="1" type="stmt"/>
        <line num="62" count="7" type="stmt"/>
        <line num="66" count="1" type="stmt"/>
        <line num="67" count="0" type="cond" truecount="0" falsecount="2"/>
        <line num="68" count="0" type="stmt"/>
        <line num="69" count="0" type="stmt"/>
        <line num="70" count="0" type="cond" truecount="0" falsecount="2"/>
        <line num="71" count="0" type="stmt"/>
        <line num="73" count="0" type="stmt"/>
        <line num="74" count="0" type="stmt"/>
        <line num="75" count="0" type="cond" truecount="0" falsecount="2"/>
        <line num="76" count="0" type="stmt"/>
        <line num="78" count="0" type="stmt"/>
      </file>
      <file name="password.component.html" path="D:\1.PROGRAMMATION\JHIPSTER\kira\src\main\webapp\app\account\password\password.component.html">
        <metrics statements="1" coveredstatements="1" conditionals="0" coveredconditionals="0" methods="0" coveredmethods="0"/>
        <line num="1" count="1" type="stmt"/>
      </file>
      <file name="password.component.ts" path="D:\1.PROGRAMMATION\JHIPSTER\kira\src\main\webapp\app\account\password\password.component.ts">
        <metrics statements="20" coveredstatements="19" conditionals="2" coveredconditionals="2" methods="5" coveredmethods="4"/>
        <line num="1" count="1" type="stmt"/>
        <line num="2" count="1" type="stmt"/>
        <line num="5" count="1" type="stmt"/>
        <line num="7" count="1" type="stmt"/>
        <line num="13" count="1" type="stmt"/>
        <line num="14" count="4" type="stmt"/>
        <line num="15" count="4" type="stmt"/>
        <line num="16" count="4" type="stmt"/>
        <line num="18" count="4" type="stmt"/>
        <line num="24" count="4" type="stmt"/>
        <line num="27" count="0" type="stmt"/>
        <line num="31" count="4" type="stmt"/>
        <line num="32" count="4" type="stmt"/>
        <line num="33" count="4" type="stmt"/>
        <line num="35" count="4" type="stmt"/>
        <line num="36" count="4" type="cond" truecount="2" falsecount="0"/>
        <line num="37" count="1" type="stmt"/>
        <line num="39" count="3" type="stmt"/>
        <line num="40" count="2" type="stmt"/>
        <line num="41" count="1" type="stmt"/>
      </file>
      <file name="password.service.ts" path="D:\1.PROGRAMMATION\JHIPSTER\kira\src\main\webapp\app\account\password\password.service.ts">
        <metrics statements="6" coveredstatements="5" conditionals="0" coveredconditionals="0" methods="2" coveredmethods="1"/>
        <line num="1" count="1" type="stmt"/>
        <line num="2" count="1" type="stmt"/>
        <line num="5" count="1" type="stmt"/>
        <line num="8" count="1" type="stmt"/>
        <line num="9" count="4" type="stmt"/>
        <line num="12" count="0" type="stmt"/>
      </file>
    </package>
    <package name="app.account.password-reset.finish">
      <metrics statements="40" coveredstatements="38" conditionals="6" coveredconditionals="4" methods="10" coveredmethods="8"/>
      <file name="password-reset-finish.component.html" path="D:\1.PROGRAMMATION\JHIPSTER\kira\src\main\webapp\app\account\password-reset\finish\password-reset-finish.component.html">
        <metrics statements="1" coveredstatements="1" conditionals="0" coveredconditionals="0" methods="0" coveredmethods="0"/>
        <line num="1" count="1" type="stmt"/>
      </file>
      <file name="password-reset-finish.component.ts" path="D:\1.PROGRAMMATION\JHIPSTER\kira\src\main\webapp\app\account\password-reset\finish\password-reset-finish.component.ts">
        <metrics statements="33" coveredstatements="32" conditionals="6" coveredconditionals="4" methods="8" coveredmethods="7"/>
        <line num="1" count="1" type="stmt"/>
        <line num="2" count="1" type="stmt"/>
        <line num="3" count="1" type="stmt"/>
        <line num="5" count="1" type="stmt"/>
        <line num="6" count="1" type="stmt"/>
        <line num="12" count="1" type="stmt"/>
        <line num="14" count="1" type="stmt"/>
        <line num="16" count="10" type="stmt"/>
        <line num="17" count="10" type="stmt"/>
        <line num="18" count="10" type="stmt"/>
        <line num="19" count="10" type="stmt"/>
        <line num="20" count="10" type="stmt"/>
        <line num="22" count="10" type="stmt"/>
        <line num="28" count="10" type="stmt"/>
        <line num="29" count="10" type="stmt"/>
        <line num="30" count="10" type="stmt"/>
        <line num="31" count="10" type="stmt"/>
        <line num="35" count="5" type="stmt"/>
        <line num="36" count="5" type="cond" truecount="1" falsecount="1"/>
        <line num="37" count="5" type="stmt"/>
        <line num="39" count="5" type="stmt"/>
        <line num="44" count="1" type="cond" truecount="1" falsecount="1"/>
        <line num="45" count="1" type="stmt"/>
        <line num="50" count="3" type="stmt"/>
        <line num="51" count="3" type="stmt"/>
        <line num="53" count="3" type="stmt"/>
        <line num="54" count="3" type="stmt"/>
        <line num="56" count="3" type="cond" truecount="2" falsecount="0"/>
        <line num="57" count="1" type="stmt"/>
        <line num="59" count="2" type="stmt"/>
        <line num="60" count="1" type="stmt"/>
        <line num="61" count="1" type="stmt"/>
        <line num="67" count="0" type="stmt"/>
      </file>
      <file name="password-reset-finish.service.ts" path="D:\1.PROGRAMMATION\JHIPSTER\kira\src\main\webapp\app\account\password-reset\finish\password-reset-finish.service.ts">
        <metrics statements="6" coveredstatements="5" conditionals="0" coveredconditionals="0" methods="2" coveredmethods="1"/>
        <line num="1" count="1" type="stmt"/>
        <line num="2" count="1" type="stmt"/>
        <line num="5" count="1" type="stmt"/>
        <line num="8" count="1" type="stmt"/>
        <line num="9" count="5" type="stmt"/>
        <line num="12" count="0" type="stmt"/>
      </file>
    </package>
    <package name="app.account.password-reset.init">
      <metrics statements="18" coveredstatements="17" conditionals="2" coveredconditionals="1" methods="6" coveredmethods="5"/>
      <file name="password-reset-init.component.html" path="D:\1.PROGRAMMATION\JHIPSTER\kira\src\main\webapp\app\account\password-reset\init\password-reset-init.component.html">
        <metrics statements="1" coveredstatements="1" conditionals="0" coveredconditionals="0" methods="0" coveredmethods="0"/>
        <line num="1" count="1" type="stmt"/>
      </file>
      <file name="password-reset-init.component.ts" path="D:\1.PROGRAMMATION\JHIPSTER\kira\src\main\webapp\app\account\password-reset\init\password-reset-init.component.ts">
        <metrics statements="11" coveredstatements="11" conditionals="2" coveredconditionals="1" methods="4" coveredmethods="4"/>
        <line num="1" count="1" type="stmt"/>
        <line num="2" count="1" type="stmt"/>
        <line num="4" count="1" type="stmt"/>
        <line num="10" count="1" type="stmt"/>
        <line num="12" count="1" type="stmt"/>
        <line num="14" count="3" type="stmt"/>
        <line num="15" count="3" type="stmt"/>
        <line num="19" count="3" type="stmt"/>
        <line num="22" count="1" type="cond" truecount="1" falsecount="1"/>
        <line num="23" count="1" type="stmt"/>
        <line num="28" count="2" type="stmt"/>
      </file>
      <file name="password-reset-init.service.ts" path="D:\1.PROGRAMMATION\JHIPSTER\kira\src\main\webapp\app\account\password-reset\init\password-reset-init.service.ts">
        <metrics statements="6" coveredstatements="5" conditionals="0" coveredconditionals="0" methods="2" coveredmethods="1"/>
        <line num="1" count="1" type="stmt"/>
        <line num="2" count="1" type="stmt"/>
        <line num="5" count="1" type="stmt"/>
        <line num="8" count="1" type="stmt"/>
        <line num="9" count="3" type="stmt"/>
        <line num="12" count="0" type="stmt"/>
      </file>
    </package>
    <package name="app.account.register">
      <metrics statements="45" coveredstatements="41" conditionals="12" coveredconditionals="10" methods="9" coveredmethods="6"/>
      <file name="register.component.html" path="D:\1.PROGRAMMATION\JHIPSTER\kira\src\main\webapp\app\account\register\register.component.html">
        <metrics statements="1" coveredstatements="1" conditionals="0" coveredconditionals="0" methods="0" coveredmethods="0"/>
        <line num="1" count="1" type="stmt"/>
      </file>
      <file name="register.component.ts" path="D:\1.PROGRAMMATION\JHIPSTER\kira\src\main\webapp\app\account\register\register.component.ts">
        <metrics statements="38" coveredstatements="35" conditionals="12" coveredconditionals="10" methods="7" coveredmethods="5"/>
        <line num="1" count="1" type="stmt"/>
        <line num="3" count="1" type="stmt"/>
        <line num="4" count="1" type="stmt"/>
        <line num="6" count="1" type="stmt"/>
        <line num="7" count="1" type="stmt"/>
        <line num="8" count="1" type="stmt"/>
        <line num="14" count="1" type="stmt"/>
        <line num="16" count="1" type="stmt"/>
        <line num="18" count="5" type="stmt"/>
        <line num="19" count="5" type="stmt"/>
        <line num="20" count="5" type="stmt"/>
        <line num="21" count="5" type="stmt"/>
        <line num="22" count="5" type="stmt"/>
        <line num="24" count="5" type="stmt"/>
        <line num="40" count="5" type="stmt"/>
        <line num="41" count="5" type="stmt"/>
        <line num="42" count="5" type="stmt"/>
        <line num="43" count="5" type="stmt"/>
        <line num="47" count="0" type="cond" truecount="0" falsecount="2"/>
        <line num="48" count="0" type="stmt"/>
        <line num="53" count="5" type="stmt"/>
        <line num="54" count="5" type="stmt"/>
        <line num="55" count="5" type="stmt"/>
        <line num="56" count="5" type="stmt"/>
        <line num="58" count="5" type="stmt"/>
        <line num="59" count="5" type="cond" truecount="2" falsecount="0"/>
        <line num="60" count="1" type="stmt"/>
        <line num="62" count="4" type="stmt"/>
        <line num="63" count="4" type="stmt"/>
        <line num="64" count="4" type="stmt"/>
        <line num="65" count="1" type="stmt"/>
        <line num="66" count="3" type="stmt"/>
        <line num="72" count="0" type="stmt"/>
        <line num="76" count="3" type="cond" truecount="4" falsecount="0"/>
        <line num="77" count="1" type="stmt"/>
        <line num="78" count="2" type="cond" truecount="4" falsecount="0"/>
        <line num="79" count="1" type="stmt"/>
        <line num="81" count="1" type="stmt"/>
      </file>
      <file name="register.service.ts" path="D:\1.PROGRAMMATION\JHIPSTER\kira\src\main\webapp\app\account\register\register.service.ts">
        <metrics statements="6" coveredstatements="5" conditionals="0" coveredconditionals="0" methods="2" coveredmethods="1"/>
        <line num="1" count="1" type="stmt"/>
        <line num="2" count="1" type="stmt"/>
        <line num="5" count="1" type="stmt"/>
        <line num="9" count="1" type="stmt"/>
        <line num="10" count="5" type="stmt"/>
        <line num="13" count="0" type="stmt"/>
      </file>
    </package>
    <package name="app.account.settings">
      <metrics statements="25" coveredstatements="24" conditionals="4" coveredconditionals="2" methods="5" coveredmethods="5"/>
      <file name="settings.component.html" path="D:\1.PROGRAMMATION\JHIPSTER\kira\src\main\webapp\app\account\settings\settings.component.html">
        <metrics statements="1" coveredstatements="1" conditionals="0" coveredconditionals="0" methods="0" coveredmethods="0"/>
        <line num="1" count="1" type="stmt"/>
      </file>
      <file name="settings.component.ts" path="D:\1.PROGRAMMATION\JHIPSTER\kira\src\main\webapp\app\account\settings\settings.component.ts">
        <metrics statements="24" coveredstatements="23" conditionals="4" coveredconditionals="2" methods="5" coveredmethods="5"/>
        <line num="1" count="1" type="stmt"/>
        <line num="2" count="1" type="stmt"/>
        <line num="3" count="1" type="stmt"/>
        <line num="5" count="1" type="stmt"/>
        <line num="7" count="1" type="stmt"/>
        <line num="13" count="1" type="stmt"/>
        <line num="15" count="3" type="stmt"/>
        <line num="16" count="3" type="stmt"/>
        <line num="17" count="3" type="stmt"/>
        <line num="24" count="3" type="stmt"/>
        <line num="27" count="3" type="stmt"/>
        <line num="28" count="3" type="cond" truecount="1" falsecount="1"/>
        <line num="29" count="3" type="stmt"/>
        <line num="36" count="3" type="stmt"/>
        <line num="42" count="3" type="stmt"/>
        <line num="44" count="3" type="stmt"/>
        <line num="45" count="3" type="stmt"/>
        <line num="46" count="3" type="stmt"/>
        <line num="47" count="3" type="stmt"/>
        <line num="49" count="3" type="stmt"/>
        <line num="50" count="2" type="stmt"/>
        <line num="52" count="2" type="stmt"/>
        <line num="54" count="2" type="cond" truecount="1" falsecount="1"/>
        <line num="55" count="0" type="stmt"/>
      </file>
    </package>
    <package name="app.admin.audits">
      <metrics statements="61" coveredstatements="59" conditionals="24" coveredconditionals="20" methods="15" coveredmethods="15"/>
      <file name="audit.model.ts" path="D:\1.PROGRAMMATION\JHIPSTER\kira\src\main\webapp\app\admin\audits\audit.model.ts">
        <metrics statements="2" coveredstatements="2" conditionals="0" coveredconditionals="0" methods="1" coveredmethods="1"/>
        <line num="3" count="2" type="stmt"/>
        <line num="4" count="2" type="stmt"/>
      </file>
      <file name="audits.component.html" path="D:\1.PROGRAMMATION\JHIPSTER\kira\src\main\webapp\app\admin\audits\audits.component.html">
        <metrics statements="1" coveredstatements="1" conditionals="0" coveredconditionals="0" methods="0" coveredmethods="0"/>
        <line num="1" count="1" type="stmt"/>
      </file>
      <file name="audits.component.ts" path="D:\1.PROGRAMMATION\JHIPSTER\kira\src\main\webapp\app\admin\audits\audits.component.ts">
        <metrics statements="49" coveredstatements="47" conditionals="24" coveredconditionals="20" methods="12" coveredmethods="12"/>
        <line num="1" count="1" type="stmt"/>
        <line num="3" count="1" type="stmt"/>
        <line num="4" count="1" type="stmt"/>
        <line num="5" count="1" type="stmt"/>
        <line num="7" count="1" type="stmt"/>
        <line num="9" count="1" type="stmt"/>
        <line num="15" count="1" type="stmt"/>
        <line num="17" count="12" type="stmt"/>
        <line num="18" count="12" type="stmt"/>
        <line num="22" count="12" type="stmt"/>
        <line num="23" count="12" type="stmt"/>
        <line num="25" count="12" type="stmt"/>
        <line num="28" count="12" type="stmt"/>
        <line num="29" count="12" type="stmt"/>
        <line num="30" count="12" type="stmt"/>
        <line num="31" count="12" type="stmt"/>
        <line num="35" count="10" type="stmt"/>
        <line num="36" count="10" type="stmt"/>
        <line num="37" count="10" type="stmt"/>
        <line num="41" count="4" type="cond" truecount="2" falsecount="0"/>
        <line num="45" count="2" type="cond" truecount="2" falsecount="0"/>
        <line num="46" count="1" type="stmt"/>
        <line num="58" count="10" type="stmt"/>
        <line num="59" count="10" type="cond" truecount="2" falsecount="0"/>
        <line num="60" count="4" type="stmt"/>
        <line num="62" count="6" type="stmt"/>
        <line num="64" count="10" type="stmt"/>
        <line num="69" count="10" type="stmt"/>
        <line num="70" count="10" type="stmt"/>
        <line num="71" count="10" type="stmt"/>
        <line num="75" count="10" type="stmt"/>
        <line num="76" count="47" type="stmt"/>
        <line num="77" count="47" type="cond" truecount="1" falsecount="1"/>
        <line num="78" count="47" type="cond" truecount="4" falsecount="0"/>
        <line num="79" count="47" type="stmt"/>
        <line num="80" count="47" type="stmt"/>
        <line num="81" count="47" type="cond" truecount="1" falsecount="1"/>
        <line num="82" count="0" type="stmt"/>
        <line num="84" count="47" type="cond" truecount="1" falsecount="1"/>
        <line num="85" count="0" type="stmt"/>
        <line num="87" count="47" type="stmt"/>
        <line num="92" count="47" type="stmt"/>
        <line num="100" count="6" type="stmt"/>
        <line num="104" count="47" type="cond" truecount="2" falsecount="0"/>
        <line num="105" count="47" type="cond" truecount="2" falsecount="0"/>
        <line num="106" count="19" type="stmt"/>
        <line num="108" count="47" type="stmt"/>
        <line num="112" count="6" type="stmt"/>
        <line num="113" count="6" type="cond" truecount="2" falsecount="0"/>
      </file>
      <file name="audits.service.ts" path="D:\1.PROGRAMMATION\JHIPSTER\kira\src\main\webapp\app\admin\audits\audits.service.ts">
        <metrics statements="9" coveredstatements="9" conditionals="0" coveredconditionals="0" methods="2" coveredmethods="2"/>
        <line num="1" count="2" type="stmt"/>
        <line num="2" count="2" type="stmt"/>
        <line num="5" count="2" type="stmt"/>
        <line num="6" count="2" type="stmt"/>
        <line num="15" count="2" type="stmt"/>
        <line num="16" count="15" type="stmt"/>
        <line num="19" count="44" type="stmt"/>
        <line num="21" count="44" type="stmt"/>
        <line num="23" count="44" type="stmt"/>
      </file>
    </package>
    <package name="app.admin.configuration">
      <metrics statements="27" coveredstatements="25" conditionals="8" coveredconditionals="1" methods="14" coveredmethods="12"/>
      <file name="configuration.component.html" path="D:\1.PROGRAMMATION\JHIPSTER\kira\src\main\webapp\app\admin\configuration\configuration.component.html">
        <metrics statements="1" coveredstatements="1" conditionals="0" coveredconditionals="0" methods="0" coveredmethods="0"/>
        <line num="1" count="1" type="stmt"/>
      </file>
      <file name="configuration.component.ts" path="D:\1.PROGRAMMATION\JHIPSTER\kira\src\main\webapp\app\admin\configuration\configuration.component.ts">
        <metrics statements="15" coveredstatements="14" conditionals="8" coveredconditionals="1" methods="7" coveredmethods="6"/>
        <line num="1" count="1" type="stmt"/>
        <line num="3" count="1" type="stmt"/>
        <line num="9" count="1" type="stmt"/>
        <line num="11" count="1" type="stmt"/>
        <line num="12" count="1" type="stmt"/>
        <line num="13" count="1" type="stmt"/>
        <line num="14" count="1" type="stmt"/>
        <line num="16" count="1" type="stmt"/>
        <line num="19" count="1" type="stmt"/>
        <line num="20" count="1" type="stmt"/>
        <line num="21" count="1" type="stmt"/>
        <line num="24" count="1" type="stmt"/>
        <line num="28" count="1" type="stmt"/>
        <line num="29" count="1" type="cond" truecount="1" falsecount="1"/>
        <line num="30" count="0" type="cond" truecount="0" falsecount="6"/>
      </file>
      <file name="configuration.service.ts" path="D:\1.PROGRAMMATION\JHIPSTER\kira\src\main\webapp\app\admin\configuration\configuration.service.ts">
        <metrics statements="11" coveredstatements="10" conditionals="0" coveredconditionals="0" methods="7" coveredmethods="6"/>
        <line num="1" count="2" type="stmt"/>
        <line num="2" count="2" type="stmt"/>
        <line num="4" count="2" type="stmt"/>
        <line num="6" count="2" type="stmt"/>
        <line num="50" count="2" type="stmt"/>
        <line num="51" count="4" type="stmt"/>
        <line num="54" count="2" type="stmt"/>
        <line num="56" count="1" type="stmt"/>
        <line num="58" count="1" type="stmt"/>
        <line num="59" count="0" type="stmt"/>
        <line num="66" count="1" type="stmt"/>
      </file>
    </package>
    <package name="app.admin.health">
      <metrics statements="37" coveredstatements="24" conditionals="12" coveredconditionals="3" methods="12" coveredmethods="7"/>
      <file name="health-modal.component.html" path="D:\1.PROGRAMMATION\JHIPSTER\kira\src\main\webapp\app\admin\health\health-modal.component.html">
        <metrics statements="1" coveredstatements="1" conditionals="0" coveredconditionals="0" methods="0" coveredmethods="0"/>
        <line num="1" count="1" type="stmt"/>
      </file>
      <file name="health-modal.component.ts" path="D:\1.PROGRAMMATION\JHIPSTER\kira\src\main\webapp\app\admin\health\health-modal.component.ts">
        <metrics statements="13" coveredstatements="3" conditionals="8" coveredconditionals="0" methods="3" coveredmethods="0"/>
        <line num="1" count="1" type="stmt"/>
        <line num="2" count="1" type="stmt"/>
        <line num="10" count="1" type="stmt"/>
        <line num="13" count="0" type="stmt"/>
        <line num="16" count="0" type="cond" truecount="0" falsecount="4"/>
        <line num="18" count="0" type="stmt"/>
        <line num="19" count="0" type="cond" truecount="0" falsecount="2"/>
        <line num="21" count="0" type="stmt"/>
        <line num="23" count="0" type="stmt"/>
        <line num="27" count="0" type="cond" truecount="0" falsecount="2"/>
        <line num="28" count="0" type="stmt"/>
        <line num="30" count="0" type="stmt"/>
        <line num="35" count="0" type="stmt"/>
      </file>
      <file name="health.component.html" path="D:\1.PROGRAMMATION\JHIPSTER\kira\src\main\webapp\app\admin\health\health.component.html">
        <metrics statements="1" coveredstatements="1" conditionals="0" coveredconditionals="0" methods="0" coveredmethods="0"/>
        <line num="1" count="1" type="stmt"/>
      </file>
      <file name="health.component.ts" path="D:\1.PROGRAMMATION\JHIPSTER\kira\src\main\webapp\app\admin\health\health.component.ts">
        <metrics statements="16" coveredstatements="14" conditionals="4" coveredconditionals="3" methods="7" coveredmethods="6"/>
        <line num="1" count="1" type="stmt"/>
        <line num="3" count="1" type="stmt"/>
        <line num="5" count="1" type="stmt"/>
        <line num="6" count="1" type="stmt"/>
        <line num="12" count="1" type="stmt"/>
        <line num="15" count="3" type="stmt"/>
        <line num="18" count="1" type="stmt"/>
        <line num="22" count="2" type="cond" truecount="2" falsecount="0"/>
        <line num="23" count="1" type="stmt"/>
        <line num="25" count="1" type="stmt"/>
        <line num="30" count="2" type="stmt"/>
        <line num="31" count="1" type="stmt"/>
        <line num="33" count="1" type="cond" truecount="1" falsecount="1"/>
        <line num="34" count="1" type="stmt"/>
        <line num="41" count="0" type="stmt"/>
        <line num="42" count="0" type="stmt"/>
      </file>
      <file name="health.service.ts" path="D:\1.PROGRAMMATION\JHIPSTER\kira\src\main\webapp\app\admin\health\health.service.ts">
        <metrics statements="6" coveredstatements="5" conditionals="0" coveredconditionals="0" methods="2" coveredmethods="1"/>
        <line num="1" count="1" type="stmt"/>
        <line num="2" count="1" type="stmt"/>
        <line num="5" count="1" type="stmt"/>
        <line num="24" count="1" type="stmt"/>
        <line num="25" count="3" type="stmt"/>
        <line num="28" count="0" type="stmt"/>
      </file>
    </package>
    <package name="app.admin.logs">
      <metrics statements="22" coveredstatements="22" conditionals="0" coveredconditionals="0" methods="11" coveredmethods="11"/>
      <file name="log.model.ts" path="D:\1.PROGRAMMATION\JHIPSTER\kira\src\main\webapp\app\admin\logs\log.model.ts">
        <metrics statements="2" coveredstatements="2" conditionals="0" coveredconditionals="0" methods="1" coveredmethods="1"/>
        <line num="13" count="1" type="stmt"/>
        <line num="14" count="4" type="stmt"/>
      </file>
      <file name="logs.component.html" path="D:\1.PROGRAMMATION\JHIPSTER\kira\src\main\webapp\app\admin\logs\logs.component.html">
        <metrics statements="1" coveredstatements="1" conditionals="0" coveredconditionals="0" methods="0" coveredmethods="0"/>
        <line num="1" count="1" type="stmt"/>
      </file>
      <file name="logs.component.ts" path="D:\1.PROGRAMMATION\JHIPSTER\kira\src\main\webapp\app\admin\logs\logs.component.ts">
        <metrics statements="12" coveredstatements="12" conditionals="0" coveredconditionals="0" methods="7" coveredmethods="7"/>
        <line num="1" count="1" type="stmt"/>
        <line num="3" count="1" type="stmt"/>
        <line num="4" count="1" type="stmt"/>
        <line num="10" count="1" type="stmt"/>
        <line num="12" count="3" type="stmt"/>
        <line num="13" count="3" type="stmt"/>
        <line num="14" count="3" type="stmt"/>
        <line num="16" count="3" type="stmt"/>
        <line num="19" count="1" type="stmt"/>
        <line num="23" count="1" type="stmt"/>
        <line num="27" count="2" type="stmt"/>
        <line num="31" count="2" type="stmt"/>
      </file>
      <file name="logs.service.ts" path="D:\1.PROGRAMMATION\JHIPSTER\kira\src\main\webapp\app\admin\logs\logs.service.ts">
        <metrics statements="7" coveredstatements="7" conditionals="0" coveredconditionals="0" methods="3" coveredmethods="3"/>
        <line num="1" count="2" type="stmt"/>
        <line num="2" count="2" type="stmt"/>
        <line num="5" count="2" type="stmt"/>
        <line num="9" count="2" type="stmt"/>
        <line num="10" count="5" type="stmt"/>
        <line num="13" count="1" type="stmt"/>
        <line num="17" count="1" type="stmt"/>
      </file>
    </package>
    <package name="app.admin.metrics">
      <metrics statements="24" coveredstatements="18" conditionals="5" coveredconditionals="0" methods="10" coveredmethods="7"/>
      <file name="metrics.component.html" path="D:\1.PROGRAMMATION\JHIPSTER\kira\src\main\webapp\app\admin\metrics\metrics.component.html">
        <metrics statements="1" coveredstatements="1" conditionals="0" coveredconditionals="0" methods="0" coveredmethods="0"/>
        <line num="1" count="1" type="stmt"/>
      </file>
      <file name="metrics.component.ts" path="D:\1.PROGRAMMATION\JHIPSTER\kira\src\main\webapp\app\admin\metrics\metrics.component.ts">
        <metrics statements="16" coveredstatements="10" conditionals="5" coveredconditionals="0" methods="7" coveredmethods="4"/>
        <line num="1" count="1" type="stmt"/>
        <line num="2" count="1" type="stmt"/>
        <line num="4" count="1" type="stmt"/>
        <line num="11" count="1" type="stmt"/>
        <line num="14" count="1" type="stmt"/>
        <line num="16" count="1" type="stmt"/>
        <line num="19" count="1" type="stmt"/>
        <line num="23" count="1" type="stmt"/>
        <line num="24" count="1" type="stmt"/>
        <line num="28" count="1" type="stmt"/>
        <line num="30" count="0" type="stmt"/>
        <line num="31" count="0" type="stmt"/>
        <line num="32" count="0" type="stmt"/>
        <line num="33" count="0" type="stmt"/>
        <line num="41" count="0" type="cond" truecount="0" falsecount="2"/>
        <line num="45" count="0" type="cond" truecount="0" falsecount="3"/>
      </file>
      <file name="metrics.service.ts" path="D:\1.PROGRAMMATION\JHIPSTER\kira\src\main\webapp\app\admin\metrics\metrics.service.ts">
        <metrics statements="7" coveredstatements="7" conditionals="0" coveredconditionals="0" methods="3" coveredmethods="3"/>
        <line num="1" count="2" type="stmt"/>
        <line num="2" count="2" type="stmt"/>
        <line num="5" count="2" type="stmt"/>
        <line num="13" count="2" type="stmt"/>
        <line num="14" count="4" type="stmt"/>
        <line num="17" count="2" type="stmt"/>
        <line num="21" count="2" type="stmt"/>
      </file>
    </package>
    <package name="app.admin.user-management">
      <metrics statements="105" coveredstatements="95" conditionals="20" coveredconditionals="11" methods="37" coveredmethods="29"/>
      <file name="user-management-delete-dialog.component.html" path="D:\1.PROGRAMMATION\JHIPSTER\kira\src\main\webapp\app\admin\user-management\user-management-delete-dialog.component.html">
        <metrics statements="1" coveredstatements="1" conditionals="0" coveredconditionals="0" methods="0" coveredmethods="0"/>
        <line num="1" count="2" type="stmt"/>
      </file>
      <file name="user-management-delete-dialog.component.ts" path="D:\1.PROGRAMMATION\JHIPSTER\kira\src\main\webapp\app\admin\user-management\user-management-delete-dialog.component.ts">
        <metrics statements="10" coveredstatements="9" conditionals="0" coveredconditionals="0" methods="4" coveredmethods="3"/>
        <line num="1" count="2" type="stmt"/>
        <line num="2" count="2" type="stmt"/>
        <line num="3" count="2" type="stmt"/>
        <line num="6" count="2" type="stmt"/>
        <line num="12" count="2" type="stmt"/>
        <line num="15" count="1" type="stmt"/>
        <line num="18" count="0" type="stmt"/>
        <line num="22" count="1" type="stmt"/>
        <line num="23" count="1" type="stmt"/>
        <line num="24" count="1" type="stmt"/>
      </file>
      <file name="user-management-detail.component.html" path="D:\1.PROGRAMMATION\JHIPSTER\kira\src\main\webapp\app\admin\user-management\user-management-detail.component.html">
        <metrics statements="1" coveredstatements="1" conditionals="0" coveredconditionals="0" methods="0" coveredmethods="0"/>
        <line num="1" count="1" type="stmt"/>
      </file>
      <file name="user-management-detail.component.ts" path="D:\1.PROGRAMMATION\JHIPSTER\kira\src\main\webapp\app\admin\user-management\user-management-detail.component.ts">
        <metrics statements="6" coveredstatements="6" conditionals="0" coveredconditionals="0" methods="3" coveredmethods="3"/>
        <line num="1" count="1" type="stmt"/>
        <line num="2" count="1" type="stmt"/>
        <line num="10" count="1" type="stmt"/>
        <line num="11" count="1" type="stmt"/>
        <line num="13" count="1" type="stmt"/>
        <line num="16" count="1" type="stmt"/>
      </file>
      <file name="user-management-update.component.html" path="D:\1.PROGRAMMATION\JHIPSTER\kira\src\main\webapp\app\admin\user-management\user-management-update.component.html">
        <metrics statements="1" coveredstatements="1" conditionals="0" coveredconditionals="0" methods="0" coveredmethods="0"/>
        <line num="1" count="1" type="stmt"/>
      </file>
      <file name="user-management-update.component.ts" path="D:\1.PROGRAMMATION\JHIPSTER\kira\src\main\webapp\app\admin\user-management\user-management-update.component.ts">
        <metrics statements="40" coveredstatements="36" conditionals="6" coveredconditionals="4" methods="14" coveredmethods="11"/>
        <line num="1" count="1" type="stmt"/>
        <line num="2" count="1" type="stmt"/>
        <line num="3" count="1" type="stmt"/>
        <line num="5" count="1" type="stmt"/>
        <line num="7" count="1" type="stmt"/>
        <line num="13" count="1" type="stmt"/>
        <line num="15" count="3" type="stmt"/>
        <line num="16" count="3" type="stmt"/>
        <line num="17" count="3" type="stmt"/>
        <line num="19" count="3" type="stmt"/>
        <line num="38" count="3" type="stmt"/>
        <line num="41" count="1" type="stmt"/>
        <line num="42" count="1" type="cond" truecount="1" falsecount="1"/>
        <line num="43" count="1" type="stmt"/>
        <line num="44" count="1" type="cond" truecount="1" falsecount="1"/>
        <line num="45" count="0" type="stmt"/>
        <line num="47" count="1" type="stmt"/>
        <line num="50" count="1" type="stmt"/>
        <line num="51" count="1" type="stmt"/>
        <line num="56" count="2" type="stmt"/>
        <line num="60" count="2" type="stmt"/>
        <line num="61" count="2" type="stmt"/>
        <line num="62" count="2" type="cond" truecount="2" falsecount="0"/>
        <line num="63" count="1" type="stmt"/>
        <line num="64" count="1" type="stmt"/>
        <line num="65" count="0" type="stmt"/>
        <line num="68" count="1" type="stmt"/>
        <line num="69" count="1" type="stmt"/>
        <line num="70" count="0" type="stmt"/>
        <line num="76" count="1" type="stmt"/>
        <line num="89" count="2" type="stmt"/>
        <line num="90" count="2" type="stmt"/>
        <line num="91" count="2" type="stmt"/>
        <line num="92" count="2" type="stmt"/>
        <line num="93" count="2" type="stmt"/>
        <line num="94" count="2" type="stmt"/>
        <line num="95" count="2" type="stmt"/>
        <line num="99" count="2" type="stmt"/>
        <line num="100" count="2" type="stmt"/>
        <line num="104" count="0" type="stmt"/>
      </file>
      <file name="user-management.component.html" path="D:\1.PROGRAMMATION\JHIPSTER\kira\src\main\webapp\app\admin\user-management\user-management.component.html">
        <metrics statements="1" coveredstatements="1" conditionals="0" coveredconditionals="0" methods="0" coveredmethods="0"/>
        <line num="1" count="1" type="stmt"/>
      </file>
      <file name="user-management.component.ts" path="D:\1.PROGRAMMATION\JHIPSTER\kira\src\main\webapp\app\admin\user-management\user-management.component.ts">
        <metrics statements="45" coveredstatements="40" conditionals="14" coveredconditionals="7" methods="16" coveredmethods="12"/>
        <line num="1" count="1" type="stmt"/>
        <line num="3" count="1" type="stmt"/>
        <line num="4" count="1" type="stmt"/>
        <line num="5" count="1" type="stmt"/>
        <line num="6" count="1" type="stmt"/>
        <line num="8" count="1" type="stmt"/>
        <line num="9" count="1" type="stmt"/>
        <line num="11" count="1" type="stmt"/>
        <line num="13" count="1" type="stmt"/>
        <line num="19" count="1" type="stmt"/>
        <line num="20" count="2" type="stmt"/>
        <line num="21" count="2" type="stmt"/>
        <line num="23" count="2" type="stmt"/>
        <line num="24" count="2" type="stmt"/>
        <line num="30" count="2" type="stmt"/>
        <line num="31" count="2" type="stmt"/>
        <line num="32" count="2" type="stmt"/>
        <line num="33" count="2" type="stmt"/>
        <line num="34" count="2" type="stmt"/>
        <line num="35" count="2" type="stmt"/>
        <line num="39" count="1" type="stmt"/>
        <line num="40" count="1" type="stmt"/>
        <line num="41" count="1" type="stmt"/>
        <line num="45" count="1" type="cond" truecount="1" falsecount="1"/>
        <line num="46" count="0" type="stmt"/>
        <line num="51" count="1" type="stmt"/>
        <line num="55" count="0" type="stmt"/>
        <line num="59" count="0" type="stmt"/>
        <line num="60" count="0" type="stmt"/>
        <line num="64" count="0" type="stmt"/>
        <line num="74" count="1" type="stmt"/>
        <line num="75" count="1" type="stmt"/>
        <line num="76" count="1" type="cond" truecount="1" falsecount="1"/>
        <line num="77" count="1" type="cond" truecount="2" falsecount="2"/>
        <line num="78" count="1" type="stmt"/>
        <line num="79" count="1" type="stmt"/>
        <line num="80" count="1" type="stmt"/>
        <line num="85" count="2" type="stmt"/>
        <line num="91" count="2" type="stmt"/>
        <line num="95" count="2" type="cond" truecount="1" falsecount="1"/>
        <line num="96" count="2" type="cond" truecount="2" falsecount="0"/>
        <line num="97" count="1" type="stmt"/>
        <line num="99" count="2" type="stmt"/>
        <line num="103" count="2" type="stmt"/>
        <line num="104" count="2" type="stmt"/>
      </file>
    </package>
    <package name="app.core.auth">
      <metrics statements="70" coveredstatements="50" conditionals="28" coveredconditionals="18" methods="24" coveredmethods="12"/>
      <file name="account.service.ts" path="D:\1.PROGRAMMATION\JHIPSTER\kira\src\main\webapp\app\core\auth\account.service.ts">
        <metrics statements="43" coveredstatements="39" conditionals="23" coveredconditionals="18" methods="13" coveredmethods="11"/>
        <line num="1" count="23" type="stmt"/>
        <line num="2" count="23" type="stmt"/>
        <line num="3" count="23" type="stmt"/>
        <line num="4" count="23" type="stmt"/>
        <line num="5" count="23" type="stmt"/>
        <line num="6" count="23" type="stmt"/>
        <line num="7" count="23" type="stmt"/>
        <line num="8" count="23" type="stmt"/>
        <line num="10" count="23" type="stmt"/>
        <line num="14" count="23" type="stmt"/>
        <line num="15" count="13" type="stmt"/>
        <line num="16" count="13" type="stmt"/>
        <line num="20" count="13" type="stmt"/>
        <line num="21" count="13" type="stmt"/>
        <line num="22" count="13" type="stmt"/>
        <line num="23" count="13" type="stmt"/>
        <line num="24" count="13" type="stmt"/>
        <line num="28" count="0" type="stmt"/>
        <line num="32" count="11" type="stmt"/>
        <line num="33" count="11" type="stmt"/>
        <line num="37" count="6" type="cond" truecount="4" falsecount="0"/>
        <line num="38" count="2" type="stmt"/>
        <line num="40" count="4" type="cond" truecount="2" falsecount="0"/>
        <line num="41" count="2" type="stmt"/>
        <line num="43" count="4" type="stmt"/>
        <line num="47" count="7" type="cond" truecount="5" falsecount="0"/>
        <line num="48" count="6" type="stmt"/>
        <line num="50" count="1" type="stmt"/>
        <line num="53" count="4" type="stmt"/>
        <line num="57" count="4" type="cond" truecount="3" falsecount="1"/>
        <line num="58" count="0" type="cond" truecount="0" falsecount="2"/>
        <line num="59" count="0" type="stmt"/>
        <line num="62" count="4" type="cond" truecount="2" falsecount="0"/>
        <line num="63" count="3" type="stmt"/>
        <line num="69" count="7" type="stmt"/>
        <line num="73" count="4" type="stmt"/>
        <line num="77" count="2" type="stmt"/>
        <line num="81" count="0" type="cond" truecount="0" falsecount="2"/>
        <line num="85" count="6" type="stmt"/>
        <line num="91" count="3" type="stmt"/>
        <line num="92" count="3" type="cond" truecount="2" falsecount="0"/>
        <line num="93" count="1" type="stmt"/>
        <line num="94" count="1" type="stmt"/>
      </file>
      <file name="auth-jwt.service.ts" path="D:\1.PROGRAMMATION\JHIPSTER\kira\src\main\webapp\app\core\auth\auth-jwt.service.ts">
        <metrics statements="19" coveredstatements="8" conditionals="5" coveredconditionals="0" methods="7" coveredmethods="1"/>
        <line num="1" count="22" type="stmt"/>
        <line num="2" count="22" type="stmt"/>
        <line num="3" count="22" type="stmt"/>
        <line num="4" count="22" type="stmt"/>
        <line num="5" count="22" type="stmt"/>
        <line num="7" count="22" type="stmt"/>
        <line num="15" count="22" type="stmt"/>
        <line num="16" count="2" type="stmt"/>
        <line num="19" count="0" type="cond" truecount="0" falsecount="3"/>
        <line num="23" count="0" type="stmt"/>
        <line num="25" count="0" type="stmt"/>
        <line num="29" count="0" type="stmt"/>
        <line num="30" count="0" type="stmt"/>
        <line num="31" count="0" type="stmt"/>
        <line num="32" count="0" type="stmt"/>
        <line num="37" count="0" type="stmt"/>
        <line num="38" count="0" type="cond" truecount="0" falsecount="2"/>
        <line num="39" count="0" type="stmt"/>
        <line num="41" count="0" type="stmt"/>
      </file>
      <file name="state-storage.service.ts" path="D:\1.PROGRAMMATION\JHIPSTER\kira\src\main\webapp\app\core\auth\state-storage.service.ts">
        <metrics statements="8" coveredstatements="3" conditionals="0" coveredconditionals="0" methods="4" coveredmethods="0"/>
        <line num="1" count="23" type="stmt"/>
        <line num="2" count="23" type="stmt"/>
        <line num="5" count="23" type="stmt"/>
        <line num="6" count="0" type="stmt"/>
        <line num="8" count="0" type="stmt"/>
        <line num="11" count="0" type="stmt"/>
        <line num="15" count="0" type="stmt"/>
        <line num="19" count="0" type="stmt"/>
      </file>
    </package>
    <package name="app.core.language">
      <metrics statements="1" coveredstatements="1" conditionals="0" coveredconditionals="0" methods="0" coveredmethods="0"/>
      <file name="language.constants.ts" path="D:\1.PROGRAMMATION\JHIPSTER\kira\src\main\webapp\app\core\language\language.constants.ts">
        <metrics statements="1" coveredstatements="1" conditionals="0" coveredconditionals="0" methods="0" coveredmethods="0"/>
        <line num="5" count="3" type="stmt"/>
      </file>
    </package>
    <package name="app.core.login">
      <metrics statements="19" coveredstatements="17" conditionals="2" coveredconditionals="2" methods="8" coveredmethods="4"/>
      <file name="login-modal.service.ts" path="D:\1.PROGRAMMATION\JHIPSTER\kira\src\main\webapp\app\core\login\login-modal.service.ts">
        <metrics statements="11" coveredstatements="11" conditionals="2" coveredconditionals="2" methods="3" coveredmethods="3"/>
        <line num="1" count="22" type="stmt"/>
        <line num="2" count="22" type="stmt"/>
        <line num="4" count="22" type="stmt"/>
        <line num="7" count="22" type="stmt"/>
        <line num="8" count="2" type="stmt"/>
        <line num="10" count="2" type="stmt"/>
        <line num="13" count="3" type="cond" truecount="2" falsecount="0"/>
        <line num="14" count="1" type="stmt"/>
        <line num="16" count="2" type="stmt"/>
        <line num="17" count="2" type="stmt"/>
        <line num="18" count="2" type="stmt"/>
      </file>
      <file name="login.service.ts" path="D:\1.PROGRAMMATION\JHIPSTER\kira\src\main\webapp\app\core\login\login.service.ts">
        <metrics statements="8" coveredstatements="6" conditionals="0" coveredconditionals="0" methods="5" coveredmethods="1"/>
        <line num="1" count="22" type="stmt"/>
        <line num="3" count="22" type="stmt"/>
        <line num="6" count="22" type="stmt"/>
        <line num="7" count="22" type="stmt"/>
        <line num="11" count="22" type="stmt"/>
        <line num="12" count="2" type="stmt"/>
        <line num="15" count="0" type="stmt"/>
        <line num="19" count="0" type="stmt"/>
      </file>
    </package>
    <package name="app.core.user">
      <metrics statements="28" coveredstatements="23" conditionals="0" coveredconditionals="0" methods="8" coveredmethods="4"/>
      <file name="user.model.ts" path="D:\1.PROGRAMMATION\JHIPSTER\kira\src\main\webapp\app\core\user\user.model.ts">
        <metrics statements="14" coveredstatements="14" conditionals="0" coveredconditionals="0" methods="1" coveredmethods="1"/>
        <line num="17" count="4" type="stmt"/>
        <line num="19" count="7" type="stmt"/>
        <line num="20" count="7" type="stmt"/>
        <line num="21" count="7" type="stmt"/>
        <line num="22" count="7" type="stmt"/>
        <line num="23" count="7" type="stmt"/>
        <line num="24" count="7" type="stmt"/>
        <line num="25" count="7" type="stmt"/>
        <line num="26" count="7" type="stmt"/>
        <line num="27" count="7" type="stmt"/>
        <line num="28" count="7" type="stmt"/>
        <line num="29" count="7" type="stmt"/>
        <line num="30" count="7" type="stmt"/>
        <line num="31" count="7" type="stmt"/>
      </file>
      <file name="user.service.ts" path="D:\1.PROGRAMMATION\JHIPSTER\kira\src\main\webapp\app\core\user\user.service.ts">
        <metrics statements="14" coveredstatements="9" conditionals="0" coveredconditionals="0" methods="7" coveredmethods="3"/>
        <line num="1" count="4" type="stmt"/>
        <line num="2" count="4" type="stmt"/>
        <line num="5" count="4" type="stmt"/>
        <line num="6" count="4" type="stmt"/>
        <line num="10" count="4" type="stmt"/>
        <line num="11" count="10" type="stmt"/>
        <line num="13" count="10" type="stmt"/>
        <line num="16" count="0" type="stmt"/>
        <line num="20" count="0" type="stmt"/>
        <line num="24" count="3" type="stmt"/>
        <line num="28" count="0" type="stmt"/>
        <line num="29" count="0" type="stmt"/>
        <line num="33" count="0" type="stmt"/>
        <line num="37" count="1" type="stmt"/>
      </file>
    </package>
    <package name="app.home">
      <metrics statements="12" coveredstatements="12" conditionals="2" coveredconditionals="2" methods="6" coveredmethods="6"/>
      <file name="home.component.html" path="D:\1.PROGRAMMATION\JHIPSTER\kira\src\main\webapp\app\home\home.component.html">
        <metrics statements="1" coveredstatements="1" conditionals="0" coveredconditionals="0" methods="0" coveredmethods="0"/>
        <line num="1" count="1" type="stmt"/>
      </file>
      <file name="home.component.ts" path="D:\1.PROGRAMMATION\JHIPSTER\kira\src\main\webapp\app\home\home.component.ts">
        <metrics statements="11" coveredstatements="11" conditionals="2" coveredconditionals="2" methods="6" coveredmethods="6"/>
        <line num="1" count="1" type="stmt"/>
        <line num="4" count="1" type="stmt"/>
        <line num="5" count="1" type="stmt"/>
        <line num="13" count="1" type="stmt"/>
        <line num="14" count="3" type="stmt"/>
        <line num="17" count="3" type="stmt"/>
        <line num="20" count="1" type="stmt"/>
        <line num="24" count="1" type="stmt"/>
        <line num="28" count="1" type="stmt"/>
        <line num="32" count="2" type="cond" truecount="2" falsecount="0"/>
        <line num="33" count="1" type="stmt"/>
      </file>
    </package>
    <package name="app.layouts.main">
      <metrics statements="29" coveredstatements="28" conditionals="16" coveredconditionals="13" methods="7" coveredmethods="7"/>
      <file name="main.component.html" path="D:\1.PROGRAMMATION\JHIPSTER\kira\src\main\webapp\app\layouts\main\main.component.html">
        <metrics statements="1" coveredstatements="1" conditionals="0" coveredconditionals="0" methods="0" coveredmethods="0"/>
        <line num="1" count="1" type="stmt"/>
      </file>
      <file name="main.component.ts" path="D:\1.PROGRAMMATION\JHIPSTER\kira\src\main\webapp\app\layouts\main\main.component.ts">
        <metrics statements="28" coveredstatements="27" conditionals="16" coveredconditionals="13" methods="7" coveredmethods="7"/>
        <line num="1" count="1" type="stmt"/>
        <line num="2" count="1" type="stmt"/>
        <line num="3" count="1" type="stmt"/>
        <line num="4" count="1" type="stmt"/>
        <line num="6" count="1" type="stmt"/>
        <line num="12" count="1" type="stmt"/>
        <line num="16" count="10" type="stmt"/>
        <line num="17" count="10" type="stmt"/>
        <line num="18" count="10" type="stmt"/>
        <line num="19" count="10" type="stmt"/>
        <line num="22" count="10" type="stmt"/>
        <line num="27" count="10" type="stmt"/>
        <line num="29" count="10" type="stmt"/>
        <line num="30" count="15" type="cond" truecount="1" falsecount="1"/>
        <line num="31" count="15" type="stmt"/>
        <line num="33" count="15" type="cond" truecount="2" falsecount="2"/>
        <line num="34" count="0" type="stmt"/>
        <line num="38" count="10" type="stmt"/>
        <line num="39" count="5" type="stmt"/>
        <line num="41" count="5" type="stmt"/>
        <line num="46" count="29" type="cond" truecount="4" falsecount="0"/>
        <line num="47" count="29" type="cond" truecount="2" falsecount="0"/>
        <line num="48" count="9" type="cond" truecount="2" falsecount="0"/>
        <line num="50" count="29" type="stmt"/>
        <line num="54" count="20" type="stmt"/>
        <line num="55" count="20" type="cond" truecount="2" falsecount="0"/>
        <line num="56" count="6" type="stmt"/>
        <line num="58" count="20" type="stmt"/>
      </file>
    </package>
    <package name="app.layouts.navbar">
      <metrics statements="35" coveredstatements="26" conditionals="6" coveredconditionals="1" methods="10" coveredmethods="4"/>
      <file name="navbar.component.html" path="D:\1.PROGRAMMATION\JHIPSTER\kira\src\main\webapp\app\layouts\navbar\navbar.component.html">
        <metrics statements="1" coveredstatements="1" conditionals="0" coveredconditionals="0" methods="0" coveredmethods="0"/>
        <line num="1" count="1" type="stmt"/>
      </file>
      <file name="navbar.component.ts" path="D:\1.PROGRAMMATION\JHIPSTER\kira\src\main\webapp\app\layouts\navbar\navbar.component.ts">
        <metrics statements="34" coveredstatements="25" conditionals="6" coveredconditionals="1" methods="10" coveredmethods="4"/>
        <line num="1" count="1" type="stmt"/>
        <line num="2" count="1" type="stmt"/>
        <line num="3" count="1" type="stmt"/>
        <line num="4" count="1" type="stmt"/>
        <line num="6" count="1" type="stmt"/>
        <line num="7" count="1" type="stmt"/>
        <line num="8" count="1" type="stmt"/>
        <line num="9" count="1" type="stmt"/>
        <line num="10" count="1" type="stmt"/>
        <line num="11" count="1" type="stmt"/>
        <line num="18" count="1" type="stmt"/>
        <line num="20" count="2" type="stmt"/>
        <line num="21" count="2" type="stmt"/>
        <line num="26" count="2" type="stmt"/>
        <line num="27" count="2" type="stmt"/>
        <line num="28" count="2" type="stmt"/>
        <line num="29" count="2" type="stmt"/>
        <line num="30" count="2" type="stmt"/>
        <line num="31" count="2" type="stmt"/>
        <line num="32" count="2" type="stmt"/>
        <line num="34" count="2" type="cond" truecount="1" falsecount="3"/>
        <line num="38" count="1" type="stmt"/>
        <line num="39" count="1" type="stmt"/>
        <line num="40" count="1" type="stmt"/>
        <line num="45" count="0" type="stmt"/>
        <line num="46" count="0" type="stmt"/>
        <line num="50" count="0" type="stmt"/>
        <line num="54" count="1" type="stmt"/>
        <line num="58" count="0" type="stmt"/>
        <line num="62" count="0" type="stmt"/>
        <line num="63" count="0" type="stmt"/>
        <line num="64" count="0" type="stmt"/>
        <line num="68" count="0" type="stmt"/>
        <line num="72" count="0" type="cond" truecount="0" falsecount="2"/>
      </file>
    </package>
    <package name="app.layouts.profiles">
      <metrics statements="24" coveredstatements="12" conditionals="14" coveredconditionals="0" methods="5" coveredmethods="2"/>
      <file name="profile-info.model.ts" path="D:\1.PROGRAMMATION\JHIPSTER\kira\src\main\webapp\app\layouts\profiles\profile-info.model.ts">
        <metrics statements="5" coveredstatements="5" conditionals="0" coveredconditionals="0" methods="1" coveredmethods="1"/>
        <line num="8" count="1" type="stmt"/>
        <line num="10" count="1" type="stmt"/>
        <line num="11" count="1" type="stmt"/>
        <line num="12" count="1" type="stmt"/>
        <line num="13" count="1" type="stmt"/>
      </file>
      <file name="profile.service.ts" path="D:\1.PROGRAMMATION\JHIPSTER\kira\src\main\webapp\app\layouts\profiles\profile.service.ts">
        <metrics statements="19" coveredstatements="7" conditionals="14" coveredconditionals="0" methods="4" coveredmethods="1"/>
        <line num="1" count="1" type="stmt"/>
        <line num="2" count="1" type="stmt"/>
        <line num="3" count="1" type="stmt"/>
        <line num="6" count="1" type="stmt"/>
        <line num="10" count="1" type="stmt"/>
        <line num="11" count="2" type="stmt"/>
        <line num="14" count="2" type="stmt"/>
        <line num="17" count="0" type="cond" truecount="0" falsecount="2"/>
        <line num="18" count="0" type="stmt"/>
        <line num="21" count="0" type="stmt"/>
        <line num="23" count="0" type="stmt"/>
        <line num="28" count="0" type="cond" truecount="0" falsecount="4"/>
        <line num="29" count="0" type="stmt"/>
        <line num="30" count="0" type="stmt"/>
        <line num="31" count="0" type="cond" truecount="0" falsecount="2"/>
        <line num="33" count="0" type="cond" truecount="0" falsecount="2"/>
        <line num="34" count="0" type="stmt"/>
        <line num="37" count="0" type="stmt"/>
        <line num="41" count="0" type="stmt"/>
      </file>
    </package>
    <package name="app.shared.alert">
      <metrics statements="66" coveredstatements="54" conditionals="44" coveredconditionals="28" methods="13" coveredmethods="8"/>
      <file name="alert-error.component.ts" path="D:\1.PROGRAMMATION\JHIPSTER\kira\src\main\webapp\app\shared\alert\alert-error.component.ts">
        <metrics statements="54" coveredstatements="47" conditionals="38" coveredconditionals="28" methods="8" coveredmethods="5"/>
        <line num="1" count="1" type="stmt"/>
        <line num="3" count="1" type="stmt"/>
        <line num="4" count="1" type="stmt"/>
        <line num="19" count="1" type="stmt"/>
        <line num="20" count="7" type="stmt"/>
        <line num="24" count="7" type="stmt"/>
        <line num="25" count="7" type="stmt"/>
        <line num="26" count="0" type="stmt"/>
        <line num="27" count="0" type="stmt"/>
        <line num="30" count="7" type="stmt"/>
        <line num="31" count="8" type="stmt"/>
        <line num="32" count="8" type="stmt"/>
        <line num="35" count="1" type="stmt"/>
        <line num="36" count="1" type="stmt"/>
        <line num="39" count="4" type="stmt"/>
        <line num="40" count="4" type="stmt"/>
        <line num="41" count="4" type="stmt"/>
        <line num="42" count="4" type="stmt"/>
        <line num="43" count="2" type="cond" truecount="2" falsecount="0"/>
        <line num="44" count="1" type="stmt"/>
        <line num="45" count="1" type="cond" truecount="1" falsecount="1"/>
        <line num="46" count="1" type="stmt"/>
        <line num="49" count="4" type="cond" truecount="2" falsecount="0"/>
        <line num="50" count="1" type="stmt"/>
        <line num="51" count="1" type="stmt"/>
        <line num="52" count="3" type="cond" truecount="4" falsecount="0"/>
        <line num="53" count="1" type="stmt"/>
        <line num="54" count="1" type="stmt"/>
        <line num="55" count="1" type="cond" truecount="1" falsecount="1"/>
        <line num="56" count="1" type="stmt"/>
        <line num="59" count="1" type="stmt"/>
        <line num="60" count="1" type="stmt"/>
        <line num="61" count="1" type="stmt"/>
        <line num="63" count="2" type="cond" truecount="4" falsecount="0"/>
        <line num="64" count="1" type="stmt"/>
        <line num="66" count="1" type="stmt"/>
        <line num="68" count="4" type="stmt"/>
        <line num="72" count="1" type="stmt"/>
        <line num="73" count="1" type="stmt"/>
        <line num="76" count="2" type="cond" truecount="4" falsecount="0"/>
        <line num="77" count="1" type="stmt"/>
        <line num="79" count="1" type="stmt"/>
        <line num="86" count="0" type="stmt"/>
        <line num="87" count="0" type="cond" truecount="0" falsecount="2"/>
        <line num="88" count="0" type="stmt"/>
        <line num="90" count="0" type="stmt"/>
        <line num="94" count="6" type="cond" truecount="1" falsecount="1"/>
        <line num="95" count="6" type="stmt"/>
        <line num="97" count="6" type="cond" truecount="1" falsecount="1"/>
        <line num="98" count="6" type="stmt"/>
        <line num="103" count="8" type="cond" truecount="4" falsecount="0"/>
        <line num="105" count="8" type="stmt"/>
        <line num="114" count="8" type="stmt"/>
        <line num="119" count="0" type="cond" truecount="0" falsecount="4"/>
      </file>
      <file name="alert.component.ts" path="D:\1.PROGRAMMATION\JHIPSTER\kira\src\main\webapp\app\shared\alert\alert.component.ts">
        <metrics statements="12" coveredstatements="7" conditionals="6" coveredconditionals="0" methods="5" coveredmethods="3"/>
        <line num="1" count="1" type="stmt"/>
        <line num="2" count="1" type="stmt"/>
        <line num="14" count="1" type="stmt"/>
        <line num="15" count="2" type="stmt"/>
        <line num="17" count="2" type="stmt"/>
        <line num="20" count="1" type="stmt"/>
        <line num="24" count="0" type="stmt"/>
        <line num="25" count="0" type="cond" truecount="0" falsecount="2"/>
        <line num="26" count="0" type="stmt"/>
        <line num="28" count="0" type="stmt"/>
        <line num="32" count="2" type="stmt"/>
        <line num="37" count="0" type="cond" truecount="0" falsecount="4"/>
      </file>
    </package>
    <package name="app.shared.constants">
      <metrics statements="7" coveredstatements="7" conditionals="2" coveredconditionals="2" methods="1" coveredmethods="1"/>
      <file name="authority.constants.ts" path="D:\1.PROGRAMMATION\JHIPSTER\kira\src\main\webapp\app\shared\constants\authority.constants.ts">
        <metrics statements="3" coveredstatements="3" conditionals="2" coveredconditionals="2" methods="1" coveredmethods="1"/>
        <line num="1" count="4" type="cond" truecount="2" falsecount="0"/>
        <line num="2" count="4" type="stmt"/>
        <line num="3" count="4" type="stmt"/>
      </file>
      <file name="error.constants.ts" path="D:\1.PROGRAMMATION\JHIPSTER\kira\src\main\webapp\app\shared\constants\error.constants.ts">
        <metrics statements="3" coveredstatements="3" conditionals="0" coveredconditionals="0" methods="0" coveredmethods="0"/>
        <line num="1" count="1" type="stmt"/>
        <line num="2" count="1" type="stmt"/>
        <line num="3" count="1" type="stmt"/>
      </file>
      <file name="pagination.constants.ts" path="D:\1.PROGRAMMATION\JHIPSTER\kira\src\main\webapp\app\shared\constants\pagination.constants.ts">
        <metrics statements="1" coveredstatements="1" conditionals="0" coveredconditionals="0" methods="0" coveredmethods="0"/>
        <line num="1" count="2" type="stmt"/>
      </file>
    </package>
    <package name="app.shared.login">
      <metrics statements="26" coveredstatements="22" conditionals="7" coveredconditionals="4" methods="8" coveredmethods="6"/>
      <file name="login.component.html" path="D:\1.PROGRAMMATION\JHIPSTER\kira\src\main\webapp\app\shared\login\login.component.html">
        <metrics statements="1" coveredstatements="1" conditionals="0" coveredconditionals="0" methods="0" coveredmethods="0"/>
        <line num="1" count="22" type="stmt"/>
      </file>
      <file name="login.component.ts" path="D:\1.PROGRAMMATION\JHIPSTER\kira\src\main\webapp\app\shared\login\login.component.ts">
        <metrics statements="25" coveredstatements="21" conditionals="7" coveredconditionals="4" methods="8" coveredmethods="6"/>
        <line num="1" count="22" type="stmt"/>
        <line num="2" count="22" type="stmt"/>
        <line num="3" count="22" type="stmt"/>
        <line num="4" count="22" type="stmt"/>
        <line num="6" count="22" type="stmt"/>
        <line num="12" count="22" type="stmt"/>
        <line num="14" count="22" type="stmt"/>
        <line num="16" count="4" type="stmt"/>
        <line num="18" count="4" type="stmt"/>
        <line num="24" count="4" type="stmt"/>
        <line num="27" count="0" type="cond" truecount="0" falsecount="2"/>
        <line num="28" count="0" type="stmt"/>
        <line num="33" count="1" type="stmt"/>
        <line num="34" count="1" type="stmt"/>
        <line num="38" count="1" type="stmt"/>
        <line num="42" count="1" type="stmt"/>
        <line num="50" count="1" type="stmt"/>
        <line num="51" count="1" type="stmt"/>
        <line num="52" count="1" type="cond" truecount="1" falsecount="1"/>
        <line num="57" count="0" type="stmt"/>
        <line num="60" count="0" type="stmt"/>
        <line num="65" count="1" type="stmt"/>
        <line num="66" count="1" type="stmt"/>
        <line num="70" count="1" type="stmt"/>
        <line num="71" count="1" type="stmt"/>
      </file>
    </package>
    <package name="app.shared.util">
      <metrics statements="11" coveredstatements="11" conditionals="6" coveredconditionals="4" methods="3" coveredmethods="3"/>
      <file name="request-util.ts" path="D:\1.PROGRAMMATION\JHIPSTER\kira\src\main\webapp\app\shared\util\request-util.ts">
        <metrics statements="11" coveredstatements="11" conditionals="6" coveredconditionals="4" methods="3" coveredmethods="3"/>
        <line num="1" count="6" type="stmt"/>
        <line num="15" count="6" type="stmt"/>
        <line num="16" count="44" type="stmt"/>
        <line num="18" count="44" type="cond" truecount="1" falsecount="1"/>
        <line num="19" count="44" type="stmt"/>
        <line num="20" count="220" type="cond" truecount="2" falsecount="0"/>
        <line num="21" count="176" type="stmt"/>
        <line num="25" count="44" type="cond" truecount="1" falsecount="1"/>
        <line num="26" count="44" type="stmt"/>
        <line num="27" count="59" type="stmt"/>
        <line num="32" count="44" type="stmt"/>
      </file>
    </package>
  </project>
</coverage>
